###### 10k Dataset Regressions #######

# Starting regressions...

# Parsing output training data...
# Parsing features...
# Pre-processing...

# Preparing Ridge...
# Ridge ready!

# Starting cross validation...
# Making predictions...

# The cross validation gave the following results:
0.208822217082
# Preparing Lasso...
# Lasso ready!

# Starting cross validation...
# Making predictions...

# The cross validation with alpha = 0.5 gave the following results:
0.419733018992
# Preparing Lasso...
# Lasso ready!

# Starting cross validation...
# Making predictions...

# The cross validation with alpha = 1.0 gave the following results:
0.419733018992
# Preparing Lasso...
# Lasso ready!

# Starting cross validation...
# Making predictions...

# The cross validation with alpha = 1.5 gave the following results:
0.419733018992
# Preparing Lasso...
# Lasso ready!

# Starting cross validation...
# Making predictions...

# The cross validation with alpha = 100 gave the following results:
0.419733018992
# Preparing RandomForestRegressor...
# RandomForestRegressor ready!

# Starting cross validation...
# Fitting and making predictions...

# The cross validation for n_estimators = 16 gave the following results:
[ 0.18413537  0.17802491  0.18232179]
# Preparing RandomForestRegressor...
# RandomForestRegressor ready!

# Starting cross validation...
# Fitting and making predictions...

# The cross validation for n_estimators = 32 gave the following results:
[ 0.17874135  0.17509088  0.179265  ]
# Preparing RandomForestRegressor...
# RandomForestRegressor ready!

# Starting cross validation...
# Fitting and making predictions...

# The cross validation for n_estimators = 64 gave the following results:
[ 0.17686574  0.17265379  0.176954  ]
# Preparing RandomForestRegressor...
# RandomForestRegressor ready!

# Starting cross validation...
# Fitting and making predictions...

# The cross validation for n_estimators = 128 gave the following results:
[ 0.17567538  0.17126391  0.17519955]
# Preparing AdaBoostRegressor...
# AdaBoostRegressor ready!

# Starting cross validation...
# Fitting and making predictions...

# The cross validation for n_estimators = 16 and alpha = 0.7 gave the following results:
[ 0.27187856  0.26568973  0.2699019 ]
# Preparing AdaBoostRegressor...
# AdaBoostRegressor ready!

# Starting cross validation...
# Fitting and making predictions...

# The cross validation for n_estimators = 16 and alpha = 1.0 gave the following results:
[ 0.26114488  0.2639577   0.26025453]
# Preparing AdaBoostRegressor...
# AdaBoostRegressor ready!

# Starting cross validation...
# Fitting and making predictions...

# The cross validation for n_estimators = 16 and alpha = 1.5 gave the following results:
[ 0.25396192  0.26043895  0.25380898]
# Preparing AdaBoostRegressor...
# AdaBoostRegressor ready!

# Starting cross validation...
# Fitting and making predictions...

# The cross validation for n_estimators = 32 and alpha = 0.7 gave the following results:
[ 0.25355927  0.25772651  0.25224897]
# Preparing AdaBoostRegressor...
# AdaBoostRegressor ready!

# Starting cross validation...
# Fitting and making predictions...

# The cross validation for n_estimators = 32 and alpha = 1.5 gave the following results:
[ 0.24442512  0.24602835  0.2367821 ]
# Preparing AdaBoostRegressor...
# AdaBoostRegressor ready!

# Starting cross validation...
# Fitting and making predictions...

# The cross validation for n_estimators = 128 and alpha = 0.7 gave the following results:
[ 0.23552945  0.24432277  0.23432945]
# Preparing AdaBoostRegressor...
# AdaBoostRegressor ready!

# Starting cross validation...
# Fitting and making predictions...

# The cross validation for n_estimators = 128 and alpha = 1.0 gave the following results:
[ 0.23044077  0.24027897  0.23337687]
# Preparing AdaBoostRegressor...
# AdaBoostRegressor ready!

# Starting cross validation...
# Fitting and making predictions...

# The cross validation for n_estimators = 128 and alpha = 1.5 gave the following results:
[ 0.22898739  0.23637324  0.23291394]
###### Done! ######
